[debug] [2021-11-23T12:57:46.424Z] ----------------------------------------------------------------------
[debug] [2021-11-23T12:57:46.426Z] Command:       C:\Program Files\nodejs\node.exe C:\Users\pinak\AppData\Roaming\npm\node_modules\firebase-tools\lib\bin\firebase.js init
[debug] [2021-11-23T12:57:46.426Z] CLI Version:   9.23.0
[debug] [2021-11-23T12:57:46.426Z] Platform:      win32
[debug] [2021-11-23T12:57:46.426Z] Node Version:  v14.18.0
[debug] [2021-11-23T12:57:46.427Z] Time:          Tue Nov 23 2021 18:27:46 GMT+0530 (India Standard Time)
[debug] [2021-11-23T12:57:46.427Z] ----------------------------------------------------------------------
[debug] 
[debug] [2021-11-23T12:57:46.428Z] >>> [apiv2][query] GET https://firebase-public.firebaseio.com/cli.json [none]
[debug] [2021-11-23T12:57:46.445Z] > command requires scopes: ["email","openid","https://www.googleapis.com/auth/cloudplatformprojects.readonly","https://www.googleapis.com/auth/firebase","https://www.googleapis.com/auth/cloud-platform"]
[debug] [2021-11-23T12:57:46.445Z] > authorizing via signed-in user (pinaksangamnerkar123@gmail.com)
[info] 
     ######## #### ########  ######## ########     ###     ######  ########
     ##        ##  ##     ## ##       ##     ##  ##   ##  ##       ##
     ######    ##  ########  ######   ########  #########  ######  ######
     ##        ##  ##    ##  ##       ##     ## ##     ##       ## ##
     ##       #### ##     ## ######## ########  ##     ##  ######  ########

You're about to initialize a Firebase project in this directory:

  C:\Users\pinak\OneDrive\Desktop\Amogh dada website

[info] 
=== Project Setup
[info] 
[info] First, let's associate this project directory with a Firebase project.
[info] You can create multiple project aliases by running firebase use --add, 
[info] but for now we'll just set up a default project.
[info] 
[debug] [2021-11-23T12:59:09.552Z] >>> [apiv2][query] GET https://firebase.googleapis.com/v1beta1/projects pageSize=100
[debug] [2021-11-23T12:59:10.227Z] <<< [apiv2][status] GET https://firebase.googleapis.com/v1beta1/projects 200
[debug] [2021-11-23T12:59:10.227Z] <<< [apiv2][body] GET https://firebase.googleapis.com/v1beta1/projects [omitted]
[info] i  Using project amogh-homeopathy-clinic (Amogh Homeopathy Clinic) 
[info] 
=== Hosting Setup
[info] 
[info] Your public directory is the folder (relative to your project directory) that
[info] will contain Hosting assets to be uploaded with firebase deploy. If you
[info] have a build process for your assets, use your build's output directory.
[info] 
